<?xml version="1.0" encoding="UTF-8"?>
<!-- Generated by org.testng.reporters.JUnitXMLReporter -->
<testsuite ignored="0" hostname="bai" failures="1" tests="2" name="projPOM" time="7.114" errors="0" timestamp="2023-05-26T21:44:15 EDT">
  <testcase classname="tests.LoginTest" name="loginTitle" time="0.009">
    <failure type="java.lang.AssertionError" message="expected [Your store. Login] but found [Your store. Login123]">
      <![CDATA[java.lang.AssertionError: expected [Your store. Login] but found [Your store. Login123]
at tests.LoginTest.loginTitle(LoginTest.java:26)
at java.base/java.util.ArrayList.forEach(ArrayList.java:1511)
at com.intellij.rt.testng.IDEARemoteTestNG.run(IDEARemoteTestNG.java:66)
at com.intellij.rt.testng.RemoteTestNGStarter.main(RemoteTestNGStarter.java:105)
... Removed 28 stack frames]]>
    </failure>
  </testcase> <!-- loginTitle -->
  <testcase classname="tests.LoginTest" name="login" time="1.517"/>
</testsuite> <!-- projPOM -->
